--- Startup times for process: Primary/TUI ---

times in msec
 clock   self+sourced   self:  sourced script
 clock   elapsed:              other lines

000.001  000.001: --- NVIM STARTING ---
000.077  000.076: event init
000.233  000.156: early init
000.720  000.487: locale set
000.763  000.043: init first window
001.139  000.377: inits 1
001.146  000.007: window checked
001.149  000.003: parsing arguments
001.770  000.041  000.041: require('vim.shared')
001.857  000.042  000.042: require('vim.inspect')
001.916  000.042  000.042: require('vim._options')
001.918  000.143  000.058: require('vim._editor')
001.919  000.248  000.064: require('vim._init_packages')
001.921  000.524: init lua interpreter
002.401  000.480: --- NVIM STARTED ---

--- Startup times for process: Embedded ---

times in msec
 clock   self+sourced   self:  sourced script
 clock   elapsed:              other lines

000.000  000.000: --- NVIM STARTING ---
000.089  000.088: event init
000.238  000.149: early init
000.637  000.400: locale set
000.675  000.038: init first window
000.992  000.317: inits 1
001.010  000.018: window checked
001.014  000.004: parsing arguments
001.493  000.039  000.039: require('vim.shared')
001.727  000.157  000.157: require('vim.inspect')
001.810  000.066  000.066: require('vim._options')
001.814  000.317  000.095: require('vim._editor')
001.816  000.432  000.076: require('vim._init_packages')
001.819  000.373: init lua interpreter
004.093  002.274: expanding arguments
004.106  000.013: inits 2
004.349  000.242: init highlight
004.349  000.001: waiting for UI
004.467  000.117: done waiting for UI
004.470  000.003: clear screen
004.543  000.008  000.008: require('vim.keymap')
005.466  000.991  000.983: require('vim._defaults')
005.469  000.007: init default mappings & autocommands
006.114  000.061  000.061: sourcing /opt/homebrew/Cellar/neovim/0.10.2_1/share/nvim/runtime/ftplugin.vim
006.196  000.025  000.025: sourcing /opt/homebrew/Cellar/neovim/0.10.2_1/share/nvim/runtime/indent.vim
008.205  000.006  000.006: require('vim.F')
008.261  001.259  001.253: require('vim.diagnostic')
009.906  001.266  001.266: require('vim.filetype')
010.783  000.873  000.873: require('keymaps')
011.477  000.605  000.605: require('lazy')
011.570  000.015  000.015: require('ffi')
011.614  000.024  000.024: require('vim.fs')
011.764  000.144  000.144: require('vim.uri')
011.773  000.201  000.033: require('vim.loader')
012.132  000.342  000.342: require('lazy.stats')
012.277  000.114  000.114: require('lazy.core.util')
012.430  000.152  000.152: require('lazy.core.config')
012.611  000.078  000.078: require('lazy.core.handler')
012.955  000.074  000.074: require('lazy.pkg')
012.958  000.250  000.175: require('lazy.core.meta')
012.962  000.350  000.100: require('lazy.core.plugin')
012.966  000.535  000.106: require('lazy.core.loader')
013.617  000.120  000.120: require('lazy.core.fragments')
016.974  001.109  001.109: require('nord.colors')
017.082  000.104  000.104: require('nord-extended')
019.223  000.097  000.097: require('lazy.core.handler.event')
019.227  000.217  000.119: require('lazy.core.handler.ft')
019.313  000.084  000.084: require('lazy.core.handler.keys')
019.388  000.072  000.072: require('lazy.core.handler.cmd')
020.258  000.112  000.112: sourcing /opt/homebrew/Cellar/neovim/0.10.2_1/share/nvim/runtime/filetype.lua
021.351  000.145  000.145: require('nord.config')
021.441  000.089  000.089: require('nord.utils')
021.443  000.383  000.150: require('nord')
021.685  000.073  000.073: require('nord.terminal')
021.824  000.123  000.123: require('nord.defaults')
021.891  000.060  000.060: require('nord.lsp')
021.966  000.063  000.063: require('nord.syntax')
022.196  000.081  000.081: require('nord.treesitter')
022.306  000.077  000.077: require('nord.plugins.bufferline')
022.390  000.054  000.054: require('nord.plugins.completion')
022.453  000.062  000.062: require('nord.plugins.filetree')
022.730  000.096  000.096: require('nord.plugins.git')
022.785  000.052  000.052: require('nord.plugins.motion')
022.841  000.054  000.054: require('nord.plugins.notify')
022.968  000.084  000.084: require('nord.plugins.picker')
023.133  000.162  000.162: require('nord.plugins.ui')
023.197  000.059  000.059: require('nord.plugins.diffview')
023.254  000.055  000.055: require('nord.plugins.neogit')
023.368  000.113  000.113: require('nord.plugins.glance')
023.434  000.064  000.064: require('nord.plugins.mini')
023.540  000.104  000.104: require('nord.plugins.markview')
024.070  003.045  001.226: sourcing /Users/mac/.local/share/nvim/lazy/nord/colors/nord.lua
025.020  000.092  000.092: require('nvim-treesitter.utils')
026.396  000.285  000.285: require('vim.treesitter.language')
026.509  000.108  000.108: require('vim.func')
026.972  000.460  000.460: require('vim.func._memoize')
027.001  001.103  000.250: require('vim.treesitter.query')
027.148  000.146  000.146: require('vim.treesitter._range')
027.189  001.557  000.308: require('vim.treesitter.languagetree')
027.208  001.921  000.364: require('vim.treesitter')
028.244  003.223  001.302: require('nvim-treesitter.parsers')
028.605  000.110  000.110: require('nvim-treesitter.compat')
028.863  000.159  000.159: require('nvim-treesitter.ts_utils')
028.867  000.260  000.101: require('nvim-treesitter.tsrange')
028.960  000.092  000.092: require('nvim-treesitter.caching')
028.967  000.541  000.078: require('nvim-treesitter.query')
028.975  000.642  000.101: require('nvim-treesitter.configs')
028.977  000.732  000.090: require('nvim-treesitter.info')
029.061  000.082  000.082: require('nvim-treesitter.shell_command_selectors')
029.075  004.253  000.125: require('nvim-treesitter.install')
029.131  000.055  000.055: require('nvim-treesitter.statusline')
029.192  000.060  000.060: require('nvim-treesitter.query_predicates')
029.194  004.704  000.335: require('nvim-treesitter')
029.512  005.058  000.354: sourcing /Users/mac/.local/share/nvim/lazy/nvim-treesitter/plugin/nvim-treesitter.lua
031.161  000.125  000.125: require('nvim-treesitter.indent')
031.269  000.056  000.056: require('nvim-treesitter.highlight')
031.670  000.029  000.029: sourcing /Users/mac/.local/share/nvim/lazy/nvim-web-devicons/plugin/nvim-web-devicons.vim
032.700  000.081  000.081: require('lualine_require')
032.909  001.220  001.139: require('lualine')
035.936  000.073  000.073: require('lualine.utils.mode')
036.930  000.059  000.059: require('mason-core.path')
037.073  000.075  000.075: require('mason-core.functional')
037.192  000.048  000.048: require('mason-core.functional.data')
037.195  000.108  000.059: require('mason-core.functional.function')
037.253  000.051  000.051: require('mason-core.functional.relation')
037.306  000.050  000.050: require('mason-core.functional.logic')
037.315  000.384  000.100: require('mason-core.platform')
037.373  000.057  000.057: require('mason.settings')
037.375  000.751  000.251: require('mason')
037.585  000.059  000.059: require('mason-core.functional.list')
037.640  000.054  000.054: require('mason-core.functional.string')
037.657  000.201  000.088: require('mason.api.command')
037.717  000.055  000.055: require('mason-registry.sources')
038.802  000.099  000.099: require('mason-core.log')
038.804  000.177  000.079: require('mason-core.EventEmitter')
038.868  000.063  000.063: require('mason-core.optional')
039.033  000.090  000.090: require('mason-core.async')
039.086  000.051  000.051: require('mason-core.async.uv')
039.092  000.222  000.081: require('mason-core.fs')
039.105  000.635  000.173: require('mason-registry')
039.115  001.081  000.446: require('mason-tool-installer')
039.126  001.171  000.090: sourcing /Users/mac/.local/share/nvim/lazy/mason-tool-installer.nvim/plugin/mason-tool-installer.lua
039.889  000.087  000.087: require('fidget.spinner.patterns')
039.891  000.148  000.060: require('fidget.spinner')
039.951  000.058  000.058: require('fidget.options')
039.973  000.351  000.146: require('fidget.progress.display')
040.129  000.091  000.091: require('fidget.logger')
040.464  000.150  000.150: require('vim.lsp.log')
040.856  000.390  000.390: require('vim.lsp.protocol')
041.552  000.534  000.534: require('vim.lsp._snippet_grammar')
041.699  000.142  000.142: require('vim.highlight')
041.747  000.890  000.214: require('vim.lsp.util')
042.075  000.172  000.172: require('vim.lsp.sync')
042.082  000.333  000.162: require('vim.lsp._changetracking')
042.200  000.117  000.117: require('vim.lsp.rpc')
042.246  002.113  000.234: require('vim.lsp')
042.331  000.084  000.084: require('vim.lsp.handlers')
042.335  002.361  000.073: require('fidget.progress.lsp')
042.550  000.063  000.063: require('fidget.poll')
042.553  000.116  000.053: require('fidget.notification.model')
042.620  000.066  000.066: require('fidget.notification.window')
042.673  000.052  000.052: require('fidget.notification.view')
042.720  000.337  000.103: require('fidget.notification')
042.758  000.422  000.085: require('fidget.progress.handle')
042.782  003.234  000.100: require('fidget.progress')
042.853  000.069  000.069: require('fidget.commands')
042.942  000.045  000.045: require('fidget.integration.nvim-tree')
043.019  000.076  000.076: require('fidget.integration.xcodebuild-nvim')
043.050  000.196  000.074: require('fidget.integration')
043.081  003.818  000.319: require('fidget')
045.819  000.176  000.176: require('lspconfig.util')
045.838  000.261  000.085: sourcing /Users/mac/.local/share/nvim/lazy/nvim-lspconfig/plugin/lspconfig.lua
046.226  000.063  000.063: require('cmp_nvim_lsp.source')
046.228  000.340  000.276: require('cmp_nvim_lsp')
046.760  000.113  000.113: require('mason-lspconfig.settings')
046.763  000.192  000.080: require('mason-lspconfig')
047.302  000.064  000.064: require('mason-lspconfig.notify')
047.305  000.129  000.065: require('mason-lspconfig.lspconfig_hook')
047.440  000.052  000.052: require('mason-core.functional.table')
047.463  000.157  000.105: require('mason-lspconfig.mappings.server')
047.514  000.048  000.048: require('mason-lspconfig.server_config_extensions')
047.620  000.047  000.047: require('lspconfig.async')
047.621  000.107  000.060: require('lspconfig.configs')
047.676  000.054  000.054: require('lspconfig.configs.omnisharp')
047.970  000.044  000.044: require('mason-core.functional.number')
047.986  000.115  000.070: require('mason-lspconfig.api.command')
048.101  000.056  000.056: require('lspconfig')
048.155  000.053  000.053: require('lspconfig.configs.vtsls')
048.818  000.054  000.054: require('lspconfig.manager')
048.870  000.046  000.046: require('lspconfig.configs.lua_ls')
049.225  000.054  000.054: require('lspconfig.configs.tailwindcss')
049.649  000.060  000.060: require('lspconfig.configs.eslint')
050.464  000.046  000.046: sourcing /Users/mac/.local/share/nvim/lazy/vim-bbye/plugin/bbye.vim
050.757  000.046  000.046: require('bufferline.lazy')
050.819  000.056  000.056: require('bufferline.commands')
050.908  000.087  000.087: require('bufferline.config')
050.911  000.393  000.205: require('bufferline')
051.119  000.059  000.059: require('bufferline.utils')
051.120  000.166  000.107: require('bufferline.groups')
051.177  000.049  000.049: require('bufferline.constants')
051.226  000.047  000.047: require('bufferline.colors')
051.572  000.059  000.059: require('bufferline.highlights')
052.123  000.054  000.054: require('vim.version')
053.026  001.009  000.956: require('bufferline.hover')
053.380  000.303  000.303: require('bufferline.ui')
053.677  000.031  000.031: sourcing /Users/mac/.local/share/nvim/lazy/nvim-colorizer.lua/plugin/colorizer.vim
054.218  000.131  000.131: require('colorizer/nvim')
054.371  000.152  000.152: require('colorizer/trie')
054.505  000.813  000.530: require('colorizer')
055.680  000.033  000.033: sourcing /Users/mac/.local/share/nvim/lazy/plenary.nvim/plugin/plenary.vim
056.335  000.193  000.193: sourcing /Users/mac/.local/share/nvim/lazy/telescope.nvim/plugin/telescope.lua
056.811  000.105  000.105: require('telescope._extensions')
056.814  000.467  000.362: require('telescope')
056.897  000.082  000.082: require('telescope.themes')
057.439  000.113  000.113: require('plenary.bit')
057.518  000.079  000.079: require('plenary.functional')
057.547  000.349  000.157: require('plenary.path')
057.563  000.489  000.141: require('plenary.strings')
057.654  000.090  000.090: require('telescope.deprecated')
058.023  000.107  000.107: require('plenary.log')
058.035  000.250  000.143: require('telescope.log')
058.804  000.197  000.197: require('plenary.compat')
058.815  000.551  000.355: require('plenary.job')
058.937  000.121  000.121: require('telescope.state')
058.976  000.941  000.268: require('telescope.utils')
058.997  001.341  000.151: require('telescope.sorters')
060.722  003.812  001.891: require('telescope.config')
061.703  000.299  000.299: require('fzf_lib')
061.706  000.398  000.099: require('telescope._extensions.fzf')
061.770  000.059  000.059: require('telescope._extensions.ui-select')
062.173  000.043  000.043: require('plenary.tbl')
062.175  000.089  000.046: require('plenary.vararg.rotate')
062.176  000.144  000.055: require('plenary.vararg')
062.218  000.041  000.041: require('plenary.errors')
062.220  000.236  000.050: require('plenary.async.async')
062.405  000.044  000.044: require('plenary.async.structs')
062.430  000.121  000.077: require('plenary.async.control')
062.434  000.172  000.051: require('plenary.async.util')
062.436  000.215  000.043: require('plenary.async.tests')
062.438  000.546  000.096: require('plenary.async')
062.740  000.086  000.086: require('plenary.window.border')
062.802  000.059  000.059: require('plenary.window')
062.850  000.047  000.047: require('plenary.popup.utils')
062.852  000.413  000.221: require('plenary.popup')
063.085  000.064  000.064: require('telescope.pickers.scroller')
063.142  000.056  000.056: require('telescope.actions.state')
063.200  000.057  000.057: require('telescope.actions.utils')
063.342  000.069  000.069: require('telescope.actions.mt')
063.394  000.193  000.124: require('telescope.actions.set')
063.526  000.069  000.069: require('telescope.config.resolve')
063.527  000.132  000.064: require('telescope.pickers.entry_display')
063.586  000.058  000.058: require('telescope.from_entry')
063.714  000.861  000.300: require('telescope.actions')
063.781  000.066  000.066: require('telescope.debounce')
063.940  000.158  000.158: require('telescope.mappings')
064.001  000.060  000.060: require('telescope.pickers.highlights')
064.054  000.053  000.053: require('telescope.pickers.window')
064.168  000.056  000.056: require('telescope.algos.linked_list')
064.170  000.115  000.058: require('telescope.entry_manager')
064.222  000.051  000.051: require('telescope.pickers.multi')
064.235  002.463  000.141: require('telescope.pickers')
064.415  000.119  000.119: require('telescope.make_entry')
064.468  000.052  000.052: require('telescope.finders.async_static_finder')
064.628  000.043  000.043: require('plenary.class')
064.661  000.140  000.097: require('telescope._')
064.662  000.193  000.053: require('telescope.finders.async_oneshot_finder')
064.714  000.049  000.049: require('telescope.finders.async_job_finder')
064.716  000.480  000.067: require('telescope.finders')
064.784  000.057  000.057: require('vim.ui')
064.913  000.119  000.119: require('telescope.builtin')
065.504  000.064  000.064: sourcing /Users/mac/.local/share/nvim/lazy/nvim-scissors/plugin/user-commands.lua
066.170  000.588  000.588: require('scissors')
066.299  000.059  000.059: require('scissors.utils')
066.305  000.134  000.075: require('scissors.config')
067.357  000.186  000.186: require('nvim-ts-autotag._log')
067.426  000.065  000.065: require('nvim-ts-autotag.config.init')
067.605  000.054  000.054: require('nvim-ts-autotag.utils')
067.607  000.107  000.053: require('nvim-ts-autotag.config.ft')
067.609  000.182  000.074: require('nvim-ts-autotag.config.plugin')
067.612  000.650  000.216: require('nvim-ts-autotag.internal')
067.614  001.049  000.400: require('nvim-ts-autotag')
067.670  001.134  000.085: sourcing /Users/mac/.local/share/nvim/lazy/nvim-ts-autotag/plugin/nvim-ts-autotag.lua
069.170  000.705  000.705: require('mini.ai')
069.688  000.156  000.156: sourcing /Users/mac/.local/share/nvim/lazy/leap.nvim/plugin/init.lua
069.978  000.236  000.236: require('leap')
070.030  000.051  000.051: require('leap.opts')
070.662  000.537  000.537: sourcing /Users/mac/.local/share/nvim/lazy/vim-fugitive/plugin/fugitive.vim
070.766  000.006  000.006: sourcing /Users/mac/.local/share/nvim/lazy/vim-fugitive/ftdetect/fugitive.vim
071.329  000.058  000.058: require('gitsigns.async')
071.385  000.054  000.054: require('gitsigns.debug.log')
071.465  000.079  000.079: require('gitsigns.config')
071.467  000.489  000.297: require('gitsigns')
071.702  000.067  000.067: require('gitsigns.highlight')
072.043  000.047  000.047: require('gitsigns.debounce')
072.478  000.294  000.294: sourcing /Users/mac/.local/share/nvim/lazy/vim-sleuth/plugin/sleuth.vim
073.966  000.810  000.810: require('mini.icons')
074.494  000.410  000.410: require('oil')
074.702  000.171  000.171: require('oil.ringbuf')
074.807  000.103  000.103: require('oil.config')
075.494  000.097  000.097: require('oil.fs')
075.746  000.114  000.114: require('oil.constants')
075.759  000.254  000.140: require('oil.util')
076.546  000.124  000.124: require('ibl.utils')
076.551  000.213  000.089: require('ibl.config')
076.695  000.066  000.066: require('ibl.indent')
076.698  000.147  000.081: require('ibl.hooks')
076.699  000.446  000.086: require('ibl.highlights')
076.762  000.061  000.061: require('ibl.autocmds')
076.821  000.058  000.058: require('ibl.inlay_hints')
076.886  000.064  000.064: require('ibl.virt_text')
077.117  000.180  000.180: require('ibl.scope_languages')
077.120  000.233  000.053: require('ibl.scope')
077.127  001.240  000.378: require('ibl')
077.282  000.108  000.108: require('vim.iter')
078.613  000.185  000.185: require('window-picker.util')
078.616  000.265  000.080: require('window-picker.filters.default-window-filter')
078.701  000.084  000.084: require('window-picker.pickers.window-picker')
078.846  000.065  000.065: require('window-picker.hints.statusline-hint')
078.849  000.148  000.083: require('window-picker.hints.statusline-winbar-hint')
078.907  000.057  000.057: require('window-picker.configurer')
078.909  000.629  000.075: require('window-picker.builder')
079.127  000.217  000.217: require('window-picker.config')
079.133  001.207  000.361: require('window-picker')
079.385  000.033  000.033: sourcing /Users/mac/.local/share/nvim/lazy/neo-tree.nvim/plugin/neo-tree.vim
080.310  000.427  000.427: require('neo-tree.log')
080.558  000.248  000.248: require('neo-tree.utils.filesize.filesize')
080.595  001.005  000.330: require('neo-tree.utils')
080.596  001.173  000.168: require('neo-tree')
081.888  001.014  001.014: require('neo-tree.defaults')
082.082  000.191  000.191: require('neo-tree.setup.mapping-helper')
082.311  000.046  000.046: require('neo-tree.collections')
082.314  000.100  000.054: require('neo-tree.events.queue')
082.315  000.233  000.132: require('neo-tree.events')
082.415  000.048  000.048: require('neo-tree.sources.filesystem.lib.globtopattern')
082.418  000.102  000.054: require('neo-tree.sources.common.file-nesting')
082.526  000.108  000.108: require('neo-tree.ui.highlights')
082.906  000.054  000.054: require('nui.object')
083.479  000.512  000.512: require('nui.utils')
083.484  000.576  000.064: require('nui.text')
083.487  000.689  000.059: require('nui.line')
083.608  000.052  000.052: require('nui.tree.util')
083.614  000.126  000.074: require('nui.tree')
083.724  000.044  000.044: require('nui.utils.buf_storage')
083.799  000.074  000.074: require('nui.utils.autocmd')
083.852  000.051  000.051: require('nui.utils.keymap')
083.948  000.051  000.051: require('nui.layout.utils')
083.950  000.098  000.046: require('nui.split.utils')
084.001  000.387  000.119: require('nui.split')
084.197  000.141  000.141: require('nui.popup.border')
084.230  000.228  000.087: require('nui.popup')
084.282  000.051  000.051: require('neo-tree.ui.popups')
084.323  000.040  000.040: require('neo-tree.ui.windows')
084.332  001.633  000.113: require('neo-tree.ui.renderer')
084.389  000.056  000.056: require('neo-tree.sources.filesystem.lib.filter_external')
084.440  000.051  000.051: require('neo-tree.sources.common.file-items')
084.636  000.045  000.045: require('neo-tree.git.utils')
084.638  000.101  000.056: require('neo-tree.git.status')
084.686  000.048  000.048: require('neo-tree.git.ignored')
084.687  000.197  000.048: require('neo-tree.git')
084.689  000.248  000.051: require('neo-tree.sources.filesystem.lib.fs_watch')
084.693  002.072  000.085: require('neo-tree.sources.filesystem.lib.fs_scan')
084.819  000.076  000.076: require('nui.input')
084.821  000.127  000.051: require('neo-tree.ui.inputs')
084.828  002.300  000.101: require('neo-tree.sources.manager')
084.968  000.046  000.046: require('neo-tree.command.parser')
085.047  000.078  000.078: require('neo-tree.command.completion')
085.049  000.178  000.054: require('neo-tree.command')
085.050  000.222  000.043: require('neo-tree.setup.netrw')
085.096  000.045  000.045: require('neo-tree.sources.common.hijack_cursor')
085.098  004.462  000.248: require('neo-tree.setup')
085.324  000.057  000.057: require('neo-tree.setup.deprecations')
086.805  000.103  000.103: require('neo-tree.sources.filesystem')
086.962  000.075  000.075: require('neo-tree.sources.buffers.lib.items')
086.964  000.156  000.081: require('neo-tree.sources.buffers')
087.069  000.045  000.045: require('neo-tree.sources.git_status.lib.items')
087.074  000.108  000.062: require('neo-tree.sources.git_status')
087.337  000.056  000.056: require('neo-tree.sources.common.container')
087.340  000.121  000.065: require('neo-tree.sources.common.components')
087.367  000.197  000.076: require('neo-tree.sources.buffers.components')
088.883  001.289  001.289: require('plenary.scandir')
089.011  000.126  000.126: require('plenary')
089.016  001.487  000.072: require('neo-tree.sources.filesystem.lib.fs_actions')
089.080  000.063  000.063: require('neo-tree.sources.common.help')
089.148  000.068  000.068: require('neo-tree.sources.common.preview')
089.201  000.051  000.051: require('neo-tree.sources.common.node_expander')
089.241  001.785  000.117: require('neo-tree.sources.common.commands')
089.274  001.906  000.121: require('neo-tree.sources.buffers.commands')
089.542  000.081  000.081: require('neo-tree.sources.git_status.components')
089.612  000.068  000.068: require('neo-tree.sources.git_status.commands')
089.875  000.069  000.069: require('neo-tree.sources.filesystem.components')
089.992  000.058  000.058: require('neo-tree.sources.filesystem.lib.filter')
090.001  000.125  000.067: require('neo-tree.sources.filesystem.commands')
091.420  000.020  000.020: sourcing /Users/mac/.local/share/nvim/lazy/zen-mode.nvim/plugin/zen-mode.vim
092.021  000.341  000.341: require('alpha')
092.568  000.306  000.306: require('nvim-web-devicons.icons-default')
092.651  000.483  000.177: require('nvim-web-devicons')
092.652  000.566  000.084: require('alpha.utils')
092.660  000.637  000.071: require('alpha.themes.startify')
093.127  000.062  000.062: sourcing /opt/homebrew/Cellar/neovim/0.10.2_1/share/nvim/runtime/plugin/editorconfig.lua
093.250  000.085  000.085: sourcing /opt/homebrew/Cellar/neovim/0.10.2_1/share/nvim/runtime/plugin/gzip.vim
093.329  000.044  000.044: sourcing /opt/homebrew/Cellar/neovim/0.10.2_1/share/nvim/runtime/plugin/man.lua
094.083  000.124  000.124: sourcing /opt/homebrew/Cellar/neovim/0.10.2_1/share/nvim/runtime/pack/dist/opt/matchit/plugin/matchit.vim
094.092  000.729  000.605: sourcing /opt/homebrew/Cellar/neovim/0.10.2_1/share/nvim/runtime/plugin/matchit.vim
094.204  000.078  000.078: sourcing /opt/homebrew/Cellar/neovim/0.10.2_1/share/nvim/runtime/plugin/matchparen.vim
094.244  000.008  000.008: sourcing /opt/homebrew/Cellar/neovim/0.10.2_1/share/nvim/runtime/plugin/netrwPlugin.vim
094.324  000.047  000.047: sourcing /opt/homebrew/Cellar/neovim/0.10.2_1/share/nvim/runtime/plugin/osc52.lua
094.442  000.086  000.086: sourcing /opt/homebrew/Cellar/neovim/0.10.2_1/share/nvim/runtime/plugin/rplugin.vim
094.564  000.039  000.039: sourcing /opt/homebrew/Cellar/neovim/0.10.2_1/share/nvim/runtime/plugin/shada.vim
094.616  000.017  000.017: sourcing /opt/homebrew/Cellar/neovim/0.10.2_1/share/nvim/runtime/plugin/spellfile.vim
094.690  000.040  000.040: sourcing /opt/homebrew/Cellar/neovim/0.10.2_1/share/nvim/runtime/plugin/tarPlugin.vim
094.760  000.033  000.033: sourcing /opt/homebrew/Cellar/neovim/0.10.2_1/share/nvim/runtime/plugin/tohtml.lua
094.828  000.008  000.008: sourcing /opt/homebrew/Cellar/neovim/0.10.2_1/share/nvim/runtime/plugin/tutor.vim
094.960  000.074  000.074: sourcing /opt/homebrew/Cellar/neovim/0.10.2_1/share/nvim/runtime/plugin/zipPlugin.vim
095.191  000.048  000.048: sourcing /Users/mac/.local/share/nvim/lazy/indent-blankline.nvim/after/plugin/commands.lua
095.317  000.033  000.033: sourcing /Users/mac/.local/share/nvim/lazy/cmp-nvim-lsp/after/plugin/cmp_nvim_lsp.lua
095.349  089.034  033.573: sourcing /Users/mac/.config/nvim/init.lua
095.386  000.798: sourcing vimrc file(s)
095.792  000.038  000.038: sourcing /opt/homebrew/Cellar/neovim/0.10.2_1/share/nvim/runtime/filetype.lua
096.049  000.048  000.048: sourcing /opt/homebrew/Cellar/neovim/0.10.2_1/share/nvim/runtime/syntax/synload.vim
096.100  000.236  000.188: sourcing /opt/homebrew/Cellar/neovim/0.10.2_1/share/nvim/runtime/syntax/syntax.vim
096.106  000.446: inits 3
098.237  002.131: reading ShaDa
098.466  000.229: opening buffers
098.637  000.112  000.112: require('bufferline.state')
098.706  000.128: BufEnter autocommands
098.707  000.001: editing files in windows
098.847  000.017  000.017: sourcing /Users/mac/.local/share/nvim/lazy/todo-comments.nvim/plugin/todo.vim
099.320  000.051  000.051: require('todo-comments.util')
099.324  000.125  000.074: require('todo-comments.config')
099.436  000.061  000.061: require('todo-comments.highlight')
099.437  000.112  000.051: require('todo-comments.jump')
099.438  000.515  000.278: require('todo-comments')
099.701  000.080  000.080: require('vim.treesitter.highlighter')
099.818  000.028  000.028: sourcing /Users/mac/.local/share/nvim/lazy/which-key.nvim/plugin/which-key.lua
100.195  000.285  000.285: require('which-key')
100.269  000.074  000.074: require('which-key.config')
107.379  000.258  000.258: require('vim.filetype.detect')
110.321  010.358: VimEnter autocommands
110.403  000.081: UIEnter autocommands
110.404  000.002: before starting main loop
110.871  000.063  000.063: require('bufferline.pick')
110.934  000.062  000.062: require('bufferline.duplicates')
111.011  000.076  000.076: require('bufferline.diagnostics')
111.088  000.076  000.076: require('bufferline.models')
111.089  000.413  000.137: require('bufferline.buffers')
111.273  000.093  000.093: require('bufferline.sorters')
111.407  000.096  000.096: require('bufferline.tabpages')
111.514  000.080  000.080: require('bufferline.offset')
111.605  000.088  000.088: require('bufferline.custom_area')
111.918  000.743: first screen update
111.919  000.001: --- NVIM STARTED ---

--- Startup times for process: Primary/TUI ---

times in msec
 clock   self+sourced   self:  sourced script
 clock   elapsed:              other lines

000.000  000.000: --- NVIM STARTING ---
000.083  000.083: event init
000.437  000.354: early init
001.127  000.690: locale set
001.198  000.071: init first window
001.633  000.434: inits 1
001.645  000.013: window checked
001.649  000.004: parsing arguments
002.324  000.047  000.047: require('vim.shared')
002.412  000.041  000.041: require('vim.inspect')
002.456  000.033  000.033: require('vim._options')
002.457  000.128  000.054: require('vim._editor')
002.459  000.207  000.033: require('vim._init_packages')
002.461  000.604: init lua interpreter
002.920  000.460: --- NVIM STARTED ---

--- Startup times for process: Embedded ---

times in msec
 clock   self+sourced   self:  sourced script
 clock   elapsed:              other lines

000.001  000.001: --- NVIM STARTING ---
000.075  000.075: event init
000.208  000.133: early init
000.638  000.430: locale set
000.690  000.052: init first window
001.010  000.320: inits 1
001.029  000.019: window checked
001.032  000.004: parsing arguments
001.521  000.044  000.044: require('vim.shared')
001.702  000.118  000.118: require('vim.inspect')
001.749  000.034  000.034: require('vim._options')
001.751  000.226  000.074: require('vim._editor')
001.753  000.330  000.060: require('vim._init_packages')
001.755  000.392: init lua interpreter
003.406  001.651: expanding arguments
003.420  000.014: inits 2
003.659  000.239: init highlight
003.660  000.001: waiting for UI
003.767  000.107: done waiting for UI
003.770  000.003: clear screen
003.840  000.009  000.009: require('vim.keymap')
004.530  000.756  000.747: require('vim._defaults')
004.532  000.006: init default mappings & autocommands
005.182  000.056  000.056: sourcing /opt/homebrew/Cellar/neovim/0.10.2_1/share/nvim/runtime/ftplugin.vim
005.273  000.024  000.024: sourcing /opt/homebrew/Cellar/neovim/0.10.2_1/share/nvim/runtime/indent.vim
007.188  000.005  000.005: require('vim.F')
007.219  001.205  001.200: require('vim.diagnostic')
008.769  001.186  001.186: require('vim.filetype')
009.873  001.101  001.101: require('keymaps')
010.601  000.604  000.604: require('lazy')
010.691  000.012  000.012: require('ffi')
010.739  000.028  000.028: require('vim.fs')
010.941  000.138  000.138: require('vim.uri')
010.950  000.256  000.090: require('vim.loader')
011.544  000.575  000.575: require('lazy.stats')
011.877  000.284  000.284: require('lazy.core.util')
012.093  000.214  000.214: require('lazy.core.config')
012.429  000.128  000.128: require('lazy.core.handler')
012.765  000.069  000.069: require('lazy.pkg')
012.769  000.204  000.135: require('lazy.core.meta')
012.776  000.345  000.141: require('lazy.core.plugin')
012.780  000.685  000.212: require('lazy.core.loader')
013.312  000.114  000.114: require('lazy.core.fragments')
015.935  000.798  000.798: require('nord.colors')
016.019  000.081  000.081: require('nord-extended')
018.184  000.211  000.211: require('lazy.core.handler.cmd')
018.327  000.138  000.138: require('lazy.core.handler.event')
018.598  000.267  000.267: require('lazy.core.handler.ft')
018.717  000.117  000.117: require('lazy.core.handler.keys')
019.678  000.137  000.137: sourcing /opt/homebrew/Cellar/neovim/0.10.2_1/share/nvim/runtime/filetype.lua
021.672  000.156  000.156: require('nord.config')
021.748  000.073  000.073: require('nord.utils')
021.750  000.423  000.194: require('nord')
022.024  000.097  000.097: require('nord.terminal')
022.166  000.135  000.135: require('nord.defaults')
022.242  000.068  000.068: require('nord.lsp')
022.330  000.071  000.071: require('nord.syntax')
022.466  000.094  000.094: require('nord.treesitter')
022.764  000.176  000.176: require('nord.plugins.bufferline')
022.914  000.113  000.113: require('nord.plugins.completion')
023.029  000.112  000.112: require('nord.plugins.filetree')
023.104  000.069  000.069: require('nord.plugins.git')
023.174  000.068  000.068: require('nord.plugins.motion')
023.341  000.165  000.165: require('nord.plugins.notify')
023.414  000.058  000.058: require('nord.plugins.picker')
023.500  000.082  000.082: require('nord.plugins.ui')
023.561  000.055  000.055: require('nord.plugins.diffview')
023.636  000.074  000.074: require('nord.plugins.neogit')
023.699  000.060  000.060: require('nord.plugins.glance')
023.778  000.077  000.077: require('nord.plugins.mini')
023.837  000.057  000.057: require('nord.plugins.markview')
024.367  003.084  001.029: sourcing /Users/mac/.local/share/nvim/lazy/nord/colors/nord.lua
025.120  000.029  000.029: sourcing /Users/mac/.local/share/nvim/lazy/plenary.nvim/plugin/plenary.vim
025.633  000.030  000.030: sourcing /Users/mac/.local/share/nvim/lazy/nvim-web-devicons/plugin/nvim-web-devicons.vim
025.889  000.190  000.190: sourcing /Users/mac/.local/share/nvim/lazy/telescope.nvim/plugin/telescope.lua
026.927  000.127  000.127: require('telescope._extensions')
026.934  001.030  000.902: require('telescope')
027.048  000.113  000.113: require('telescope.themes')
027.761  000.247  000.247: require('plenary.bit')
027.845  000.083  000.083: require('plenary.functional')
027.878  000.551  000.221: require('plenary.path')
027.890  000.690  000.139: require('plenary.strings')
028.003  000.111  000.111: require('telescope.deprecated')
028.505  000.263  000.263: require('plenary.log')
028.554  000.431  000.168: require('telescope.log')
029.166  000.087  000.087: require('plenary.compat')
029.171  000.397  000.310: require('plenary.job')
029.231  000.058  000.058: require('telescope.state')
029.250  000.694  000.239: require('telescope.utils')
029.254  001.250  000.125: require('telescope.sorters')
030.356  003.297  001.245: require('telescope.config')
031.473  000.438  000.438: require('fzf_lib')
031.481  000.528  000.091: require('telescope._extensions.fzf')
031.636  000.124  000.124: require('telescope._extensions.ui-select')
032.240  000.051  000.051: require('plenary.tbl')
032.243  000.103  000.052: require('plenary.vararg.rotate')
032.244  000.163  000.059: require('plenary.vararg')
032.303  000.058  000.058: require('plenary.errors')
032.306  000.403  000.182: require('plenary.async.async')
032.524  000.056  000.056: require('plenary.async.structs')
032.528  000.114  000.058: require('plenary.async.control')
032.531  000.175  000.060: require('plenary.async.util')
032.533  000.226  000.051: require('plenary.async.tests')
032.534  000.691  000.062: require('plenary.async')
032.676  000.079  000.079: require('plenary.window.border')
032.760  000.082  000.082: require('plenary.window')
032.915  000.154  000.154: require('plenary.popup.utils')
032.918  000.382  000.067: require('plenary.popup')
033.203  000.118  000.118: require('telescope.pickers.scroller')
033.277  000.072  000.072: require('telescope.actions.state')
033.366  000.087  000.087: require('telescope.actions.utils')
033.613  000.071  000.071: require('telescope.actions.mt')
033.620  000.253  000.182: require('telescope.actions.set')
033.764  000.073  000.073: require('telescope.config.resolve')
033.767  000.146  000.072: require('telescope.pickers.entry_display')
033.834  000.066  000.066: require('telescope.from_entry')
034.021  001.103  000.361: require('telescope.actions')
034.125  000.101  000.101: require('telescope.debounce')
034.325  000.198  000.198: require('telescope.mappings')
034.424  000.097  000.097: require('telescope.pickers.highlights')
034.517  000.092  000.092: require('telescope.pickers.window')
034.750  000.095  000.095: require('telescope.algos.linked_list')
034.753  000.234  000.140: require('telescope.entry_manager')
034.840  000.086  000.086: require('telescope.pickers.multi')
034.857  003.219  000.235: require('telescope.pickers')
035.124  000.182  000.182: require('telescope.make_entry')
035.243  000.117  000.117: require('telescope.finders.async_static_finder')
035.462  000.069  000.069: require('plenary.class')
035.475  000.162  000.093: require('telescope._')
035.477  000.233  000.071: require('telescope.finders.async_oneshot_finder')
035.545  000.067  000.067: require('telescope.finders.async_job_finder')
035.551  000.693  000.093: require('telescope.finders')
036.134  000.576  000.576: require('vim.ui')
036.459  000.303  000.303: require('telescope.builtin')
036.966  000.070  000.070: sourcing /Users/mac/.local/share/nvim/lazy/nvim-scissors/plugin/user-commands.lua
037.248  000.121  000.121: require('vim.version')
038.206  001.204  001.083: require('scissors')
038.361  000.070  000.070: require('scissors.utils')
038.369  000.161  000.091: require('scissors.config')
038.653  000.023  000.023: sourcing /Users/mac/.local/share/nvim/lazy/zen-mode.nvim/plugin/zen-mode.vim
039.874  000.364  000.364: require('lualine_require')
040.353  001.473  001.109: require('lualine')
043.283  000.088  000.088: require('lualine.utils.mode')
044.426  000.781  000.781: require('mini.ai')
044.756  000.025  000.025: sourcing /Users/mac/.local/share/nvim/lazy/nvim-colorizer.lua/plugin/colorizer.vim
045.183  000.070  000.070: require('colorizer/nvim')
045.324  000.140  000.140: require('colorizer/trie')
045.444  000.675  000.466: require('colorizer')
046.676  000.071  000.071: require('nvim-treesitter.utils')
047.127  000.050  000.050: require('vim.treesitter.language')
047.172  000.044  000.044: require('vim.func')
047.220  000.046  000.046: require('vim.func._memoize')
047.228  000.216  000.076: require('vim.treesitter.query')
047.277  000.048  000.048: require('vim.treesitter._range')
047.283  000.349  000.085: require('vim.treesitter.languagetree')
047.286  000.415  000.066: require('vim.treesitter')
047.710  001.033  000.618: require('nvim-treesitter.parsers')
047.934  000.046  000.046: require('nvim-treesitter.compat')
048.053  000.064  000.064: require('nvim-treesitter.ts_utils')
048.057  000.121  000.058: require('nvim-treesitter.tsrange')
048.107  000.049  000.049: require('nvim-treesitter.caching')
048.198  000.364  000.147: require('nvim-treesitter.query')
048.206  000.438  000.075: require('nvim-treesitter.configs')
048.208  000.497  000.059: require('nvim-treesitter.info')
048.301  000.092  000.092: require('nvim-treesitter.shell_command_selectors')
048.317  001.914  000.220: require('nvim-treesitter.install')
048.372  000.053  000.053: require('nvim-treesitter.statusline')
048.439  000.066  000.066: require('nvim-treesitter.query_predicates')
048.441  002.393  000.360: require('nvim-treesitter')
048.779  002.765  000.373: sourcing /Users/mac/.local/share/nvim/lazy/nvim-treesitter/plugin/nvim-treesitter.lua
050.592  000.119  000.119: require('nvim-treesitter.highlight')
050.772  000.156  000.156: require('nvim-treesitter.indent')
051.461  000.574  000.574: sourcing /Users/mac/.local/share/nvim/lazy/vim-fugitive/plugin/fugitive.vim
051.526  000.006  000.006: sourcing /Users/mac/.local/share/nvim/lazy/vim-fugitive/ftdetect/fugitive.vim
052.205  000.407  000.407: require('alpha')
053.179  000.651  000.651: require('nvim-web-devicons.icons-default')
053.286  000.914  000.263: require('nvim-web-devicons')
054.605  001.317  001.317: require('mini.icons')
054.609  002.314  000.083: require('alpha.utils')
054.643  002.437  000.123: require('alpha.themes.startify')
055.560  000.047  000.047: require('window-picker.util')
055.562  000.103  000.056: require('window-picker.filters.default-window-filter')
055.611  000.048  000.048: require('window-picker.pickers.window-picker')
055.712  000.046  000.046: require('window-picker.hints.statusline-hint')
055.715  000.103  000.057: require('window-picker.hints.statusline-winbar-hint')
055.761  000.045  000.045: require('window-picker.configurer')
055.762  000.357  000.058: require('window-picker.builder')
055.857  000.093  000.093: require('window-picker.config')
055.858  000.711  000.260: require('window-picker')
056.003  000.015  000.015: sourcing /Users/mac/.local/share/nvim/lazy/neo-tree.nvim/plugin/neo-tree.vim
056.336  000.079  000.079: require('neo-tree.log')
056.386  000.049  000.049: require('neo-tree.utils.filesize.filesize')
056.400  000.228  000.101: require('neo-tree.utils')
056.402  000.376  000.148: require('neo-tree')
056.568  000.089  000.089: require('neo-tree.defaults')
056.801  000.233  000.233: require('neo-tree.setup.mapping-helper')
057.064  000.058  000.058: require('neo-tree.collections')
057.067  000.134  000.076: require('neo-tree.events.queue')
057.069  000.264  000.130: require('neo-tree.events')
057.204  000.070  000.070: require('neo-tree.sources.filesystem.lib.globtopattern')
057.208  000.138  000.068: require('neo-tree.sources.common.file-nesting')
057.292  000.083  000.083: require('neo-tree.ui.highlights')
057.719  000.054  000.054: require('nui.object')
058.274  000.502  000.502: require('nui.utils')
058.279  000.559  000.057: require('nui.text')
058.282  000.682  000.070: require('nui.line')
058.381  000.041  000.041: require('nui.tree.util')
058.385  000.103  000.062: require('nui.tree')
058.479  000.040  000.040: require('nui.utils.buf_storage')
058.537  000.057  000.057: require('nui.utils.autocmd')
058.581  000.043  000.043: require('nui.utils.keymap')
058.672  000.048  000.048: require('nui.layout.utils')
058.674  000.092  000.044: require('nui.split.utils')
058.679  000.293  000.061: require('nui.split')
058.841  000.106  000.106: require('nui.popup.border')
058.847  000.168  000.061: require('nui.popup')
058.906  000.058  000.058: require('neo-tree.ui.popups')
058.949  000.042  000.042: require('neo-tree.ui.windows')
058.957  001.512  000.167: require('neo-tree.ui.renderer')
059.014  000.057  000.057: require('neo-tree.sources.filesystem.lib.filter_external')
059.063  000.048  000.048: require('neo-tree.sources.common.file-items')
059.238  000.040  000.040: require('neo-tree.git.utils')
059.239  000.090  000.050: require('neo-tree.git.status')
059.283  000.043  000.043: require('neo-tree.git.ignored')
059.284  000.176  000.043: require('neo-tree.git')
059.286  000.222  000.046: require('neo-tree.sources.filesystem.lib.fs_watch')
059.290  001.921  000.083: require('neo-tree.sources.filesystem.lib.fs_scan')
059.381  000.048  000.048: require('nui.input')
059.382  000.091  000.043: require('neo-tree.ui.inputs')
059.390  002.096  000.084: require('neo-tree.sources.manager')
059.819  000.345  000.345: require('neo-tree.command.parser')
059.873  000.053  000.053: require('neo-tree.command.completion')
059.875  000.444  000.046: require('neo-tree.command')
059.876  000.486  000.042: require('neo-tree.setup.netrw')
059.961  000.084  000.084: require('neo-tree.sources.common.hijack_cursor')
059.964  003.555  000.083: require('neo-tree.setup')
060.171  000.051  000.051: require('neo-tree.setup.deprecations')
061.564  000.073  000.073: require('neo-tree.sources.filesystem')
061.675  000.049  000.049: require('neo-tree.sources.buffers.lib.items')
061.677  000.111  000.062: require('neo-tree.sources.buffers')
061.817  000.090  000.090: require('neo-tree.sources.git_status.lib.items')
061.820  000.140  000.050: require('neo-tree.sources.git_status')
062.131  000.049  000.049: require('neo-tree.sources.common.container')
062.134  000.111  000.062: require('neo-tree.sources.common.components')
062.138  000.166  000.056: require('neo-tree.sources.buffers.components')
063.647  001.331  001.331: require('plenary.scandir')
063.772  000.121  000.121: require('plenary')
063.780  001.524  000.072: require('neo-tree.sources.filesystem.lib.fs_actions')
063.843  000.061  000.061: require('neo-tree.sources.common.help')
063.930  000.086  000.086: require('neo-tree.sources.common.preview')
063.987  000.056  000.056: require('neo-tree.sources.common.node_expander')
063.994  001.811  000.084: require('neo-tree.sources.common.commands')
064.004  001.865  000.054: require('neo-tree.sources.buffers.commands')
064.463  000.086  000.086: require('neo-tree.sources.filesystem.components')
064.614  000.074  000.074: require('neo-tree.sources.filesystem.lib.filter')
064.626  000.161  000.087: require('neo-tree.sources.filesystem.commands')
064.842  000.078  000.078: require('neo-tree.sources.git_status.components')
064.900  000.057  000.057: require('neo-tree.sources.git_status.commands')
066.647  000.131  000.131: sourcing /Users/mac/.local/share/nvim/lazy/leap.nvim/plugin/init.lua
066.965  000.304  000.304: require('leap')
067.030  000.063  000.063: require('leap.opts')
067.517  000.064  000.064: require('gitsigns.async')
067.580  000.062  000.062: require('gitsigns.debug.log')
067.676  000.095  000.095: require('gitsigns.config')
067.678  000.504  000.284: require('gitsigns')
067.936  000.119  000.119: require('gitsigns.highlight')
068.351  000.084  000.084: require('gitsigns.debounce')
068.771  000.280  000.280: sourcing /Users/mac/.local/share/nvim/lazy/vim-sleuth/plugin/sleuth.vim
069.756  000.139  000.139: require('nvim-ts-autotag._log')
069.848  000.090  000.090: require('nvim-ts-autotag.config.init')
070.075  000.075  000.075: require('nvim-ts-autotag.utils')
070.078  000.144  000.069: require('nvim-ts-autotag.config.ft')
070.081  000.232  000.088: require('nvim-ts-autotag.config.plugin')
070.117  000.656  000.195: require('nvim-ts-autotag.internal')
070.118  001.012  000.356: require('nvim-ts-autotag')
070.136  001.075  000.063: sourcing /Users/mac/.local/share/nvim/lazy/nvim-ts-autotag/plugin/nvim-ts-autotag.lua
071.110  000.041  000.041: sourcing /Users/mac/.local/share/nvim/lazy/vim-bbye/plugin/bbye.vim
071.640  000.090  000.090: require('bufferline.lazy')
071.785  000.141  000.141: require('bufferline.commands')
071.946  000.158  000.158: require('bufferline.config')
071.955  000.820  000.432: require('bufferline')
072.188  000.090  000.090: require('bufferline.utils')
072.190  000.222  000.132: require('bufferline.groups')
072.274  000.070  000.070: require('bufferline.constants')
072.330  000.053  000.053: require('bufferline.colors')
072.604  000.079  000.079: require('bufferline.highlights')
073.599  000.587  000.587: require('bufferline.hover')
073.901  000.277  000.277: require('bufferline.ui')
074.714  000.431  000.431: require('oil')
074.824  000.102  000.102: require('oil.ringbuf')
074.901  000.076  000.076: require('oil.config')
075.429  000.089  000.089: require('oil.fs')
075.605  000.092  000.092: require('oil.constants')
075.611  000.181  000.089: require('oil.util')
076.810  000.326  000.326: require('ibl.utils')
076.837  000.483  000.157: require('ibl.config')
077.123  000.158  000.158: require('ibl.indent')
077.138  000.299  000.142: require('ibl.hooks')
077.145  000.974  000.192: require('ibl.highlights')
077.265  000.119  000.119: require('ibl.autocmds')
077.409  000.142  000.142: require('ibl.inlay_hints')
077.538  000.128  000.128: require('ibl.virt_text')
078.143  000.495  000.495: require('ibl.scope_languages')
078.148  000.609  000.114: require('ibl.scope')
078.156  002.485  000.512: require('ibl')
078.448  000.141  000.141: require('vim.iter')
078.694  000.066  000.066: require('vim.lsp.log')
079.089  000.394  000.394: require('vim.lsp.protocol')
079.419  000.135  000.135: require('vim.lsp._snippet_grammar')
079.481  000.059  000.059: require('vim.highlight')
079.493  000.397  000.202: require('vim.lsp.util')
079.694  000.089  000.089: require('vim.lsp.sync')
079.699  000.204  000.115: require('vim.lsp._changetracking')
079.805  000.104  000.104: require('vim.lsp.rpc')
079.844  001.337  000.172: require('vim.lsp')
079.951  000.106  000.106: require('vim.lsp.handlers')
080.826  000.050  000.050: require('mason-core.path')
080.942  000.060  000.060: require('mason-core.functional')
081.057  000.042  000.042: require('mason-core.functional.data')
081.059  000.105  000.064: require('mason-core.functional.function')
081.107  000.042  000.042: require('mason-core.functional.relation')
081.155  000.044  000.044: require('mason-core.functional.logic')
081.161  000.333  000.081: require('mason-core.platform')
081.208  000.047  000.047: require('mason.settings')
081.209  000.799  000.369: require('mason')
081.412  000.050  000.050: require('mason-core.functional.list')
081.457  000.044  000.044: require('mason-core.functional.string')
081.473  000.168  000.075: require('mason.api.command')
081.523  000.048  000.048: require('mason-registry.sources')
082.575  000.166  000.166: require('mason-core.log')
082.577  000.254  000.088: require('mason-core.EventEmitter')
082.755  000.177  000.177: require('mason-core.optional')
082.925  000.070  000.070: require('mason-core.async')
082.982  000.055  000.055: require('mason-core.async.uv')
082.985  000.227  000.102: require('mason-core.fs')
083.005  000.755  000.098: require('mason-registry')
083.010  001.173  000.418: require('mason-tool-installer')
083.026  001.216  000.043: sourcing /Users/mac/.local/share/nvim/lazy/mason-tool-installer.nvim/plugin/mason-tool-installer.lua
083.675  000.055  000.055: require('fidget.spinner.patterns')
083.677  000.099  000.043: require('fidget.spinner')
083.718  000.040  000.040: require('fidget.options')
083.721  000.189  000.051: require('fidget.progress.display')
083.814  000.046  000.046: require('fidget.logger')
083.816  000.094  000.048: require('fidget.progress.lsp')
084.026  000.047  000.047: require('fidget.poll')
084.028  000.093  000.046: require('fidget.notification.model')
084.082  000.054  000.054: require('fidget.notification.window')
084.132  000.048  000.048: require('fidget.notification.view')
084.137  000.251  000.056: require('fidget.notification')
084.138  000.321  000.070: require('fidget.progress.handle')
084.142  000.658  000.054: require('fidget.progress')
084.217  000.074  000.074: require('fidget.commands')
084.322  000.055  000.055: require('fidget.integration.nvim-tree')
084.375  000.052  000.052: require('fidget.integration.xcodebuild-nvim')
084.376  000.158  000.050: require('fidget.integration')
084.379  001.187  000.296: require('fidget')
086.549  000.130  000.130: require('lspconfig.util')
086.563  000.202  000.072: sourcing /Users/mac/.local/share/nvim/lazy/nvim-lspconfig/plugin/lspconfig.lua
087.059  000.061  000.061: require('cmp_nvim_lsp.source')
087.062  000.461  000.400: require('cmp_nvim_lsp')
087.381  000.057  000.057: require('mason-lspconfig.settings')
087.383  000.126  000.068: require('mason-lspconfig')
088.081  000.054  000.054: require('mason-lspconfig.notify')
088.086  000.127  000.073: require('mason-lspconfig.lspconfig_hook')
088.233  000.057  000.057: require('mason-core.functional.table')
088.259  000.172  000.116: require('mason-lspconfig.mappings.server')
088.318  000.058  000.058: require('mason-lspconfig.server_config_extensions')
088.433  000.049  000.049: require('lspconfig.async')
088.435  000.116  000.067: require('lspconfig.configs')
088.519  000.083  000.083: require('lspconfig.configs.omnisharp')
088.817  000.044  000.044: require('mason-core.functional.number')
088.832  000.117  000.074: require('mason-lspconfig.api.command')
088.953  000.057  000.057: require('lspconfig')
089.015  000.061  000.061: require('lspconfig.configs.tailwindcss')
089.741  000.080  000.080: require('lspconfig.manager')
089.847  000.091  000.091: require('lspconfig.configs.eslint')
090.451  000.084  000.084: require('lspconfig.configs.vtsls')
090.934  000.059  000.059: require('lspconfig.configs.lua_ls')
091.525  000.042  000.042: sourcing /opt/homebrew/Cellar/neovim/0.10.2_1/share/nvim/runtime/plugin/editorconfig.lua
091.638  000.079  000.079: sourcing /opt/homebrew/Cellar/neovim/0.10.2_1/share/nvim/runtime/plugin/gzip.vim
091.708  000.039  000.039: sourcing /opt/homebrew/Cellar/neovim/0.10.2_1/share/nvim/runtime/plugin/man.lua
092.739  000.144  000.144: sourcing /opt/homebrew/Cellar/neovim/0.10.2_1/share/nvim/runtime/pack/dist/opt/matchit/plugin/matchit.vim
092.753  000.989  000.844: sourcing /opt/homebrew/Cellar/neovim/0.10.2_1/share/nvim/runtime/plugin/matchit.vim
092.903  000.082  000.082: sourcing /opt/homebrew/Cellar/neovim/0.10.2_1/share/nvim/runtime/plugin/matchparen.vim
092.950  000.009  000.009: sourcing /opt/homebrew/Cellar/neovim/0.10.2_1/share/nvim/runtime/plugin/netrwPlugin.vim
093.089  000.075  000.075: sourcing /opt/homebrew/Cellar/neovim/0.10.2_1/share/nvim/runtime/plugin/osc52.lua
093.314  000.144  000.144: sourcing /opt/homebrew/Cellar/neovim/0.10.2_1/share/nvim/runtime/plugin/rplugin.vim
093.415  000.040  000.040: sourcing /opt/homebrew/Cellar/neovim/0.10.2_1/share/nvim/runtime/plugin/shada.vim
093.460  000.009  000.009: sourcing /opt/homebrew/Cellar/neovim/0.10.2_1/share/nvim/runtime/plugin/spellfile.vim
093.540  000.043  000.043: sourcing /opt/homebrew/Cellar/neovim/0.10.2_1/share/nvim/runtime/plugin/tarPlugin.vim
093.610  000.037  000.037: sourcing /opt/homebrew/Cellar/neovim/0.10.2_1/share/nvim/runtime/plugin/tohtml.lua
093.652  000.009  000.009: sourcing /opt/homebrew/Cellar/neovim/0.10.2_1/share/nvim/runtime/plugin/tutor.vim
093.770  000.073  000.073: sourcing /opt/homebrew/Cellar/neovim/0.10.2_1/share/nvim/runtime/plugin/zipPlugin.vim
093.963  000.035  000.035: sourcing /Users/mac/.local/share/nvim/lazy/cmp-nvim-lsp/after/plugin/cmp_nvim_lsp.lua
094.106  000.086  000.086: sourcing /Users/mac/.local/share/nvim/lazy/indent-blankline.nvim/after/plugin/commands.lua
094.144  088.754  032.383: sourcing /Users/mac/.config/nvim/init.lua
094.189  000.824: sourcing vimrc file(s)
094.629  000.035  000.035: sourcing /opt/homebrew/Cellar/neovim/0.10.2_1/share/nvim/runtime/filetype.lua
094.858  000.045  000.045: sourcing /opt/homebrew/Cellar/neovim/0.10.2_1/share/nvim/runtime/syntax/synload.vim
094.901  000.199  000.154: sourcing /opt/homebrew/Cellar/neovim/0.10.2_1/share/nvim/runtime/syntax/syntax.vim
094.905  000.482: inits 3
097.459  002.554: reading ShaDa
097.686  000.226: opening buffers
097.915  000.129  000.129: require('bufferline.state')
097.935  000.120: BufEnter autocommands
097.936  000.001: editing files in windows
098.152  000.032  000.032: sourcing /Users/mac/.local/share/nvim/lazy/which-key.nvim/plugin/which-key.lua
098.573  000.300  000.300: require('which-key')
098.667  000.093  000.093: require('which-key.config')
098.848  000.022  000.022: sourcing /Users/mac/.local/share/nvim/lazy/todo-comments.nvim/plugin/todo.vim
099.583  000.054  000.054: require('todo-comments.util')
099.588  000.136  000.082: require('todo-comments.config')
099.764  000.076  000.076: require('todo-comments.highlight')
099.766  000.176  000.100: require('todo-comments.jump')
099.768  000.705  000.393: require('todo-comments')
100.024  000.078  000.078: require('vim.treesitter.highlighter')
106.886  000.294  000.294: require('vim.filetype.detect')
110.296  010.836: VimEnter autocommands
110.323  000.027: UIEnter autocommands
110.324  000.002: before starting main loop
110.719  000.055  000.055: require('bufferline.pick')
110.774  000.053  000.053: require('bufferline.duplicates')
110.843  000.068  000.068: require('bufferline.diagnostics')
110.915  000.071  000.071: require('bufferline.models')
110.916  000.349  000.102: require('bufferline.buffers')
111.042  000.048  000.048: require('bufferline.sorters')
111.139  000.080  000.080: require('bufferline.tabpages')
111.205  000.048  000.048: require('bufferline.offset')
111.250  000.043  000.043: require('bufferline.custom_area')
111.459  000.566: first screen update
111.460  000.001: --- NVIM STARTED ---

--- Startup times for process: Primary/TUI ---

times in msec
 clock   self+sourced   self:  sourced script
 clock   elapsed:              other lines

000.001  000.001: --- NVIM STARTING ---
000.106  000.106: event init
000.487  000.381: early init
002.152  001.665: locale set
002.235  000.083: init first window
002.680  000.445: inits 1
002.689  000.009: window checked
002.692  000.004: parsing arguments
003.505  000.033  000.033: require('vim.shared')
003.581  000.038  000.038: require('vim.inspect')
003.625  000.033  000.033: require('vim._options')
003.627  000.118  000.048: require('vim._editor')
003.628  000.216  000.065: require('vim._init_packages')
003.630  000.722: init lua interpreter
004.034  000.404: --- NVIM STARTED ---

--- Startup times for process: Embedded ---

times in msec
 clock   self+sourced   self:  sourced script
 clock   elapsed:              other lines

000.000  000.000: --- NVIM STARTING ---
000.066  000.066: event init
000.177  000.111: early init
000.526  000.349: locale set
000.563  000.037: init first window
000.830  000.266: inits 1
000.844  000.014: window checked
000.847  000.003: parsing arguments
001.249  000.029  000.029: require('vim.shared')
001.315  000.033  000.033: require('vim.inspect')
001.353  000.029  000.029: require('vim._options')
001.354  000.103  000.041: require('vim._editor')
001.355  000.159  000.027: require('vim._init_packages')
001.357  000.351: init lua interpreter
003.121  001.764: expanding arguments
003.135  000.014: inits 2
003.377  000.242: init highlight
003.378  000.001: waiting for UI
003.479  000.101: done waiting for UI
003.482  000.003: clear screen
003.542  000.009  000.009: require('vim.keymap')
004.063  000.579  000.570: require('vim._defaults')
004.065  000.004: init default mappings & autocommands
004.782  000.274  000.274: sourcing /opt/homebrew/Cellar/neovim/0.10.2_1/share/nvim/runtime/ftplugin.vim
005.184  000.272  000.272: sourcing /opt/homebrew/Cellar/neovim/0.10.2_1/share/nvim/runtime/indent.vim
007.975  000.007  000.007: require('vim.F')
008.067  001.673  001.666: require('vim.diagnostic')
009.599  001.141  001.141: require('vim.filetype')
011.085  001.480  001.480: require('keymaps')
011.943  000.755  000.755: require('lazy')
012.069  000.015  000.015: require('ffi')
012.118  000.027  000.027: require('vim.fs')
012.501  000.379  000.379: require('vim.uri')
012.512  000.441  000.035: require('vim.loader')
013.063  000.526  000.526: require('lazy.stats')
013.623  000.521  000.521: require('lazy.core.util')
014.024  000.398  000.398: require('lazy.core.config')
014.567  000.192  000.192: require('lazy.core.handler')
015.292  000.286  000.286: require('lazy.pkg')
015.296  000.435  000.149: require('lazy.core.meta')
015.300  000.732  000.296: require('lazy.core.plugin')
015.305  001.278  000.355: require('lazy.core.loader')
015.680  000.130  000.130: require('lazy.core.fragments')
020.361  001.148  001.148: require('nord.colors')
020.585  000.220  000.220: require('nord-extended')
023.038  000.300  000.300: require('lazy.core.handler.keys')
023.247  000.204  000.204: require('lazy.core.handler.cmd')
023.729  000.108  000.108: require('lazy.core.handler.event')
023.731  000.479  000.371: require('lazy.core.handler.ft')
025.208  000.384  000.384: sourcing /opt/homebrew/Cellar/neovim/0.10.2_1/share/nvim/runtime/filetype.lua
027.739  000.330  000.330: require('nord.config')
027.873  000.130  000.130: require('nord.utils')
027.875  000.951  000.491: require('nord')
028.130  000.088  000.088: require('nord.terminal')
028.322  000.181  000.181: require('nord.defaults')
028.424  000.096  000.096: require('nord.lsp')
028.622  000.187  000.187: require('nord.syntax')
028.856  000.223  000.223: require('nord.treesitter')
029.283  000.233  000.233: require('nord.plugins.bufferline')
029.403  000.100  000.100: require('nord.plugins.completion')
029.527  000.122  000.122: require('nord.plugins.filetree')
029.660  000.129  000.129: require('nord.plugins.git')
029.742  000.079  000.079: require('nord.plugins.motion')
029.834  000.090  000.090: require('nord.plugins.notify')
030.128  000.282  000.282: require('nord.plugins.picker')
030.318  000.189  000.189: require('nord.plugins.ui')
030.436  000.113  000.113: require('nord.plugins.diffview')
030.514  000.077  000.077: require('nord.plugins.neogit')
030.589  000.073  000.073: require('nord.plugins.glance')
030.664  000.073  000.073: require('nord.plugins.mini')
030.744  000.078  000.078: require('nord.plugins.markview')
031.329  004.600  001.236: sourcing /Users/mac/.local/share/nvim/lazy/nord/colors/nord.lua
033.160  000.305  000.305: require('ibl.utils')
033.174  000.525  000.221: require('ibl.config')
033.705  000.309  000.309: require('ibl.indent')
033.712  000.536  000.227: require('ibl.hooks')
033.715  001.220  000.159: require('ibl.highlights')
033.864  000.148  000.148: require('ibl.autocmds')
034.214  000.349  000.349: require('ibl.inlay_hints')
034.403  000.188  000.188: require('ibl.virt_text')
034.780  000.287  000.287: require('ibl.scope_languages')
034.782  000.377  000.090: require('ibl.scope')
034.788  003.128  000.846: require('ibl')
035.711  000.734  000.734: require('vim.iter')
036.428  000.246  000.246: require('vim.lsp.log')
037.418  000.988  000.988: require('vim.lsp.protocol')
038.329  000.415  000.415: require('vim.lsp._snippet_grammar')
038.414  000.084  000.084: require('vim.highlight')
038.424  001.003  000.504: require('vim.lsp.util')
038.731  000.222  000.222: require('vim.lsp.sync')
038.735  000.309  000.088: require('vim.lsp._changetracking')
038.971  000.236  000.236: require('vim.lsp.rpc')
039.012  003.221  000.440: require('vim.lsp')
039.216  000.203  000.203: require('vim.lsp.handlers')
039.913  000.136  000.136: sourcing /Users/mac/.local/share/nvim/lazy/zen-mode.nvim/plugin/zen-mode.vim
040.934  000.128  000.128: require('mason-core.path')
041.334  000.120  000.120: require('mason-core.functional')
041.509  000.090  000.090: require('mason-core.functional.data')
041.512  000.162  000.072: require('mason-core.functional.function')
041.585  000.067  000.067: require('mason-core.functional.relation')
041.689  000.100  000.100: require('mason-core.functional.logic')
041.696  000.760  000.311: require('mason-core.platform')
041.906  000.209  000.209: require('mason.settings')
041.908  001.532  000.435: require('mason')
042.150  000.089  000.089: require('mason-core.functional.list')
042.266  000.115  000.115: require('mason-core.functional.string')
042.286  000.327  000.124: require('mason.api.command')
042.441  000.152  000.152: require('mason-registry.sources')
043.734  000.079  000.079: require('mason-core.log')
043.736  000.144  000.065: require('mason-core.EventEmitter')
043.926  000.189  000.189: require('mason-core.optional')
044.068  000.076  000.076: require('mason-core.async')
044.134  000.065  000.065: require('mason-core.async.uv')
044.138  000.210  000.070: require('mason-core.fs')
044.150  000.658  000.114: require('mason-registry')
044.154  001.349  000.691: require('mason-tool-installer')
044.167  001.443  000.095: sourcing /Users/mac/.local/share/nvim/lazy/mason-tool-installer.nvim/plugin/mason-tool-installer.lua
044.772  000.090  000.090: require('fidget.spinner.patterns')
044.774  000.159  000.068: require('fidget.spinner')
044.840  000.064  000.064: require('fidget.options')
044.843  000.297  000.074: require('fidget.progress.display')
044.994  000.073  000.073: require('fidget.logger')
044.997  000.153  000.079: require('fidget.progress.lsp')
045.302  000.082  000.082: require('fidget.poll')
045.304  000.159  000.077: require('fidget.notification.model')
045.389  000.084  000.084: require('fidget.notification.window')
045.461  000.071  000.071: require('fidget.notification.view')
045.507  000.441  000.128: require('fidget.notification')
045.509  000.511  000.070: require('fidget.progress.handle')
045.525  001.053  000.092: require('fidget.progress')
045.752  000.226  000.226: require('fidget.commands')
046.013  000.070  000.070: require('fidget.integration.nvim-tree')
046.087  000.073  000.073: require('fidget.integration.xcodebuild-nvim')
046.090  000.336  000.193: require('fidget.integration')
046.118  001.871  000.256: require('fidget')
053.105  000.327  000.327: require('lspconfig.util')
053.127  000.456  000.128: sourcing /Users/mac/.local/share/nvim/lazy/nvim-lspconfig/plugin/lspconfig.lua
053.696  000.142  000.142: require('cmp_nvim_lsp.source')
053.698  000.499  000.357: require('cmp_nvim_lsp')
054.261  000.111  000.111: require('mason-lspconfig.settings')
054.266  000.320  000.209: require('mason-lspconfig')
055.064  000.223  000.223: require('mason-lspconfig.notify')
055.070  000.350  000.127: require('mason-lspconfig.lspconfig_hook')
055.370  000.149  000.149: require('mason-core.functional.table')
055.398  000.327  000.177: require('mason-lspconfig.mappings.server')
055.484  000.084  000.084: require('mason-lspconfig.server_config_extensions')
055.716  000.099  000.099: require('lspconfig.async')
055.719  000.202  000.103: require('lspconfig.configs')
055.865  000.145  000.145: require('lspconfig.configs.omnisharp')
056.278  000.083  000.083: require('mason-core.functional.number')
056.296  000.203  000.120: require('mason-lspconfig.api.command')
056.687  000.252  000.252: require('lspconfig')
056.954  000.264  000.264: require('lspconfig.configs.vtsls')
058.231  000.443  000.443: require('lspconfig.manager')
058.834  000.554  000.554: require('lspconfig.configs.eslint')
060.742  000.348  000.348: require('lspconfig.configs.lua_ls')
061.879  000.258  000.258: require('lspconfig.configs.tailwindcss')
062.855  000.198  000.198: sourcing /Users/mac/.local/share/nvim/lazy/nvim-colorizer.lua/plugin/colorizer.vim
063.766  000.148  000.148: require('colorizer/nvim')
064.026  000.258  000.258: require('colorizer/trie')
064.126  001.247  000.842: require('colorizer')
065.423  000.391  000.391: sourcing /Users/mac/.local/share/nvim/lazy/leap.nvim/plugin/init.lua
065.934  000.418  000.418: require('leap')
066.102  000.162  000.162: require('leap.opts')
067.421  000.150  000.150: sourcing /Users/mac/.local/share/nvim/lazy/plenary.nvim/plugin/plenary.vim
068.397  000.148  000.148: sourcing /Users/mac/.local/share/nvim/lazy/nvim-web-devicons/plugin/nvim-web-devicons.vim
068.836  000.269  000.269: sourcing /Users/mac/.local/share/nvim/lazy/telescope.nvim/plugin/telescope.lua
069.388  000.177  000.177: require('telescope._extensions')
069.390  000.543  000.367: require('telescope')
069.559  000.168  000.168: require('telescope.themes')
070.676  000.201  000.201: require('plenary.bit')
070.753  000.076  000.076: require('plenary.functional')
070.782  000.512  000.235: require('plenary.path')
070.792  000.613  000.101: require('plenary.strings')
070.916  000.123  000.123: require('telescope.deprecated')
071.376  000.127  000.127: require('plenary.log')
071.387  000.252  000.125: require('telescope.log')
071.937  000.085  000.085: require('plenary.compat')
071.941  000.326  000.241: require('plenary.job')
072.018  000.076  000.076: require('telescope.state')
072.033  000.646  000.244: require('telescope.utils')
072.036  001.120  000.222: require('telescope.sorters')
073.320  003.737  001.883: require('telescope.config')
074.452  000.327  000.327: require('fzf_lib')
074.455  000.592  000.265: require('telescope._extensions.fzf')
074.546  000.087  000.087: require('telescope._extensions.ui-select')
075.416  000.194  000.194: require('plenary.tbl')
075.418  000.262  000.068: require('plenary.vararg.rotate')
075.419  000.332  000.070: require('plenary.vararg')
075.490  000.070  000.070: require('plenary.errors')
075.492  000.491  000.088: require('plenary.async.async')
076.224  000.398  000.398: require('plenary.async.structs')
076.229  000.553  000.155: require('plenary.async.control')
076.265  000.710  000.158: require('plenary.async.util')
076.267  000.773  000.063: require('plenary.async.tests')
076.269  001.376  000.111: require('plenary.async')
076.531  000.075  000.075: require('plenary.window.border')
076.594  000.062  000.062: require('plenary.window')
076.654  000.059  000.059: require('plenary.popup.utils')
076.657  000.386  000.191: require('plenary.popup')
077.143  000.118  000.118: require('telescope.pickers.scroller')
077.258  000.113  000.113: require('telescope.actions.state')
077.371  000.109  000.109: require('telescope.actions.utils')
077.569  000.103  000.103: require('telescope.actions.mt')
077.581  000.209  000.106: require('telescope.actions.set')
077.795  000.119  000.119: require('telescope.config.resolve')
077.802  000.221  000.102: require('telescope.pickers.entry_display')
077.930  000.127  000.127: require('telescope.from_entry')
078.220  001.562  000.665: require('telescope.actions')
078.417  000.194  000.194: require('telescope.debounce')
078.695  000.276  000.276: require('telescope.mappings')
078.817  000.119  000.119: require('telescope.pickers.highlights')
078.950  000.132  000.132: require('telescope.pickers.window')
079.269  000.148  000.148: require('telescope.algos.linked_list')
079.274  000.323  000.174: require('telescope.entry_manager')
079.382  000.107  000.107: require('telescope.pickers.multi')
079.397  004.849  000.374: require('telescope.pickers')
080.026  000.453  000.453: require('telescope.make_entry')
080.268  000.240  000.240: require('telescope.finders.async_static_finder')
080.872  000.156  000.156: require('plenary.class')
080.885  000.351  000.196: require('telescope._')
080.891  000.622  000.270: require('telescope.finders.async_oneshot_finder')
081.177  000.285  000.285: require('telescope.finders.async_job_finder')
081.182  001.784  000.185: require('telescope.finders')
081.293  000.098  000.098: require('vim.ui')
081.554  000.206  000.206: require('telescope.builtin')
081.958  000.181  000.181: sourcing /Users/mac/.local/share/nvim/lazy/nvim-scissors/plugin/user-commands.lua
082.577  000.341  000.341: require('vim.version')
083.413  001.370  001.029: require('scissors')
083.658  000.117  000.117: require('scissors.utils')
083.670  000.255  000.138: require('scissors.config')
084.652  000.180  000.180: sourcing /Users/mac/.local/share/nvim/lazy/vim-bbye/plugin/bbye.vim
085.931  000.363  000.363: require('bufferline.lazy')
086.434  000.479  000.479: require('bufferline.commands')
087.158  000.722  000.722: require('bufferline.config')
087.190  002.479  000.915: require('bufferline')
087.842  000.104  000.104: require('bufferline.utils')
087.843  000.568  000.464: require('bufferline.groups')
087.933  000.076  000.076: require('bufferline.constants')
088.140  000.204  000.204: require('bufferline.colors')
088.463  000.097  000.097: require('bufferline.highlights')
089.581  000.584  000.584: require('bufferline.hover')
089.856  000.228  000.228: require('bufferline.ui')
091.395  000.070  000.070: require('window-picker.util')
091.397  000.398  000.328: require('window-picker.filters.default-window-filter')
091.591  000.193  000.193: require('window-picker.pickers.window-picker')
091.815  000.102  000.102: require('window-picker.hints.statusline-hint')
091.819  000.227  000.125: require('window-picker.hints.statusline-winbar-hint')
091.919  000.099  000.099: require('window-picker.configurer')
091.920  001.054  000.137: require('window-picker.builder')
091.991  000.070  000.070: require('window-picker.config')
091.993  001.638  000.514: require('window-picker')
092.453  000.157  000.157: sourcing /Users/mac/.local/share/nvim/lazy/neo-tree.nvim/plugin/neo-tree.vim
093.666  000.363  000.363: require('neo-tree.log')
094.039  000.367  000.367: require('neo-tree.utils.filesize.filesize')
094.059  001.233  000.503: require('neo-tree.utils')
094.061  001.566  000.333: require('neo-tree')
094.667  000.296  000.296: require('neo-tree.defaults')
094.930  000.261  000.261: require('neo-tree.setup.mapping-helper')
095.632  000.245  000.245: require('neo-tree.collections')
095.636  000.418  000.172: require('neo-tree.events.queue')
095.641  000.710  000.292: require('neo-tree.events')
096.024  000.208  000.208: require('neo-tree.sources.filesystem.lib.globtopattern')
096.027  000.384  000.176: require('neo-tree.sources.common.file-nesting')
096.296  000.268  000.268: require('neo-tree.ui.highlights')
097.264  000.134  000.134: require('nui.object')
098.181  000.575  000.575: require('nui.utils')
098.207  000.942  000.367: require('nui.text')
098.222  001.262  000.186: require('nui.line')
098.404  000.063  000.063: require('nui.tree.util')
098.409  000.186  000.123: require('nui.tree')
098.582  000.063  000.063: require('nui.utils.buf_storage')
098.670  000.087  000.087: require('nui.utils.autocmd')
098.737  000.067  000.067: require('nui.utils.keymap')
098.872  000.071  000.071: require('nui.layout.utils')
098.873  000.135  000.064: require('nui.split.utils')
098.878  000.469  000.117: require('nui.split')
099.234  000.253  000.253: require('nui.popup.border')
099.240  000.361  000.108: require('nui.popup')
099.320  000.079  000.079: require('neo-tree.ui.popups')
099.387  000.065  000.065: require('neo-tree.ui.windows')
099.438  002.703  000.281: require('neo-tree.ui.renderer')
099.525  000.086  000.086: require('neo-tree.sources.filesystem.lib.filter_external')
099.598  000.073  000.073: require('neo-tree.sources.common.file-items')
099.975  000.063  000.063: require('neo-tree.git.utils')
099.977  000.232  000.169: require('neo-tree.git.status')
100.042  000.065  000.065: require('neo-tree.git.ignored')
100.043  000.374  000.077: require('neo-tree.git')
100.045  000.446  000.072: require('neo-tree.sources.filesystem.lib.fs_watch')
100.049  003.568  000.261: require('neo-tree.sources.filesystem.lib.fs_scan')
100.195  000.080  000.080: require('nui.input')
100.197  000.147  000.067: require('neo-tree.ui.inputs')
100.205  003.906  000.191: require('neo-tree.sources.manager')
100.558  000.145  000.145: require('neo-tree.command.parser')
100.621  000.061  000.061: require('neo-tree.command.completion')
100.623  000.352  000.145: require('neo-tree.command')
100.624  000.419  000.066: require('neo-tree.setup.netrw')
100.726  000.101  000.101: require('neo-tree.sources.common.hijack_cursor')
100.729  006.659  000.314: require('neo-tree.setup')
100.962  000.099  000.099: require('neo-tree.setup.deprecations')
102.676  000.259  000.259: require('neo-tree.sources.filesystem')
102.844  000.085  000.085: require('neo-tree.sources.buffers.lib.items')
102.847  000.168  000.083: require('neo-tree.sources.buffers')
103.015  000.092  000.092: require('neo-tree.sources.git_status.lib.items')
103.017  000.168  000.076: require('neo-tree.sources.git_status')
103.684  000.113  000.113: require('neo-tree.sources.common.container')
103.687  000.318  000.206: require('neo-tree.sources.common.components')
103.710  000.529  000.211: require('neo-tree.sources.git_status.components')
105.779  001.224  001.224: require('plenary.scandir')
106.083  000.301  000.301: require('plenary')
106.093  001.986  000.461: require('neo-tree.sources.filesystem.lib.fs_actions')
106.189  000.095  000.095: require('neo-tree.sources.common.help')
106.427  000.236  000.236: require('neo-tree.sources.common.preview')
106.517  000.089  000.089: require('neo-tree.sources.common.node_expander')
106.533  002.646  000.240: require('neo-tree.sources.common.commands')
106.570  002.859  000.213: require('neo-tree.sources.git_status.commands')
106.930  000.235  000.235: require('neo-tree.sources.filesystem.components')
107.393  000.143  000.143: require('neo-tree.sources.filesystem.lib.filter')
107.421  000.488  000.346: require('neo-tree.sources.filesystem.commands')
107.866  000.134  000.134: require('neo-tree.sources.buffers.components')
107.983  000.116  000.116: require('neo-tree.sources.buffers.commands')
110.123  000.741  000.741: require('alpha')
111.898  001.079  001.079: require('nvim-web-devicons.icons-default')
112.034  001.505  000.426: require('nvim-web-devicons')
113.175  000.928  000.928: require('mini.ai')
115.615  003.580  002.651: require('mini.icons')
115.621  005.306  000.221: require('alpha.utils')
115.716  005.590  000.285: require('alpha.themes.startify')
117.445  000.492  000.492: require('lualine_require')
118.157  002.168  001.676: require('lualine')
122.966  000.190  000.190: require('lualine.utils.mode')
124.791  000.081  000.081: require('nvim-ts-autotag._log')
124.987  000.191  000.191: require('nvim-ts-autotag.config.init')
126.521  000.312  000.312: require('vim.treesitter.language')
126.790  000.263  000.263: require('vim.func')
126.928  000.129  000.129: require('vim.func._memoize')
126.977  001.050  000.346: require('vim.treesitter.query')
127.082  000.103  000.103: require('vim.treesitter._range')
127.117  001.567  000.414: require('vim.treesitter.languagetree')
127.121  001.879  000.313: require('vim.treesitter')
127.124  001.971  000.091: require('nvim-ts-autotag.utils')
127.126  002.048  000.078: require('nvim-ts-autotag.config.ft')
127.129  002.141  000.093: require('nvim-ts-autotag.config.plugin')
127.134  002.916  000.503: require('nvim-ts-autotag.internal')
127.135  003.374  000.457: require('nvim-ts-autotag')
128.255  000.083  000.083: require('nvim-treesitter.utils')
129.262  001.005  001.005: require('nvim-treesitter.parsers')
129.780  000.075  000.075: require('nvim-treesitter.compat')
130.073  000.220  000.220: require('nvim-treesitter.ts_utils')
130.076  000.295  000.075: require('nvim-treesitter.tsrange')
130.144  000.068  000.068: require('nvim-treesitter.caching')
130.150  000.638  000.200: require('nvim-treesitter.query')
130.156  000.806  000.168: require('nvim-treesitter.configs')
130.158  000.894  000.089: require('nvim-treesitter.info')
130.242  000.083  000.083: require('nvim-treesitter.shell_command_selectors')
130.253  002.289  000.224: require('nvim-treesitter.install')
130.318  000.064  000.064: require('nvim-treesitter.statusline')
130.392  000.073  000.073: require('nvim-treesitter.query_predicates')
130.393  002.807  000.381: require('nvim-treesitter')
130.821  003.347  000.540: sourcing /Users/mac/.local/share/nvim/lazy/nvim-treesitter/plugin/nvim-treesitter.lua
132.750  000.118  000.118: require('nvim-treesitter.indent')
132.859  000.089  000.089: require('nvim-treesitter.highlight')
132.865  005.729  002.174: require('nvim-treesitter')
132.880  009.340  000.237: sourcing /Users/mac/.local/share/nvim/lazy/nvim-ts-autotag/plugin/nvim-ts-autotag.lua
134.364  000.573  000.573: sourcing /Users/mac/.local/share/nvim/lazy/vim-sleuth/plugin/sleuth.vim
135.599  000.647  000.647: require('oil')
135.769  000.168  000.168: require('oil.ringbuf')
135.978  000.208  000.208: require('oil.config')
136.518  000.193  000.193: require('oil.fs')
137.093  000.096  000.096: require('oil.constants')
137.098  000.579  000.483: require('oil.util')
138.025  000.791  000.791: sourcing /Users/mac/.local/share/nvim/lazy/vim-fugitive/plugin/fugitive.vim
138.265  000.149  000.149: sourcing /Users/mac/.local/share/nvim/lazy/vim-fugitive/ftdetect/fugitive.vim
139.460  000.164  000.164: require('gitsigns.async')
139.591  000.130  000.130: require('gitsigns.debug.log')
140.059  000.466  000.466: require('gitsigns.config')
140.061  001.252  000.492: require('gitsigns')
140.454  000.210  000.210: require('gitsigns.highlight')
140.777  000.073  000.073: require('gitsigns.debounce')
141.119  000.058  000.058: sourcing /opt/homebrew/Cellar/neovim/0.10.2_1/share/nvim/runtime/plugin/editorconfig.lua
141.346  000.194  000.194: sourcing /opt/homebrew/Cellar/neovim/0.10.2_1/share/nvim/runtime/plugin/gzip.vim
141.578  000.199  000.199: sourcing /opt/homebrew/Cellar/neovim/0.10.2_1/share/nvim/runtime/plugin/man.lua
142.880  000.377  000.377: sourcing /opt/homebrew/Cellar/neovim/0.10.2_1/share/nvim/runtime/pack/dist/opt/matchit/plugin/matchit.vim
142.899  001.242  000.865: sourcing /opt/homebrew/Cellar/neovim/0.10.2_1/share/nvim/runtime/plugin/matchit.vim
143.251  000.290  000.290: sourcing /opt/homebrew/Cellar/neovim/0.10.2_1/share/nvim/runtime/plugin/matchparen.vim
143.449  000.130  000.130: sourcing /opt/homebrew/Cellar/neovim/0.10.2_1/share/nvim/runtime/plugin/netrwPlugin.vim
143.593  000.103  000.103: sourcing /opt/homebrew/Cellar/neovim/0.10.2_1/share/nvim/runtime/plugin/osc52.lua
143.779  000.133  000.133: sourcing /opt/homebrew/Cellar/neovim/0.10.2_1/share/nvim/runtime/plugin/rplugin.vim
143.899  000.077  000.077: sourcing /opt/homebrew/Cellar/neovim/0.10.2_1/share/nvim/runtime/plugin/shada.vim
143.969  000.027  000.027: sourcing /opt/homebrew/Cellar/neovim/0.10.2_1/share/nvim/runtime/plugin/spellfile.vim
144.068  000.062  000.062: sourcing /opt/homebrew/Cellar/neovim/0.10.2_1/share/nvim/runtime/plugin/tarPlugin.vim
144.177  000.072  000.072: sourcing /opt/homebrew/Cellar/neovim/0.10.2_1/share/nvim/runtime/plugin/tohtml.lua
144.240  000.028  000.028: sourcing /opt/homebrew/Cellar/neovim/0.10.2_1/share/nvim/runtime/plugin/tutor.vim
144.424  000.101  000.101: sourcing /opt/homebrew/Cellar/neovim/0.10.2_1/share/nvim/runtime/plugin/zipPlugin.vim
144.717  000.079  000.079: sourcing /Users/mac/.local/share/nvim/lazy/cmp-nvim-lsp/after/plugin/cmp_nvim_lsp.lua
145.057  000.175  000.175: sourcing /Users/mac/.local/share/nvim/lazy/indent-blankline.nvim/after/plugin/commands.lua
145.130  139.809  044.468: sourcing /Users/mac/.config/nvim/init.lua
145.141  000.720: sourcing vimrc file(s)
145.606  000.044  000.044: sourcing /opt/homebrew/Cellar/neovim/0.10.2_1/share/nvim/runtime/filetype.lua
146.175  000.103  000.103: sourcing /opt/homebrew/Cellar/neovim/0.10.2_1/share/nvim/runtime/syntax/synload.vim
146.220  000.541  000.438: sourcing /opt/homebrew/Cellar/neovim/0.10.2_1/share/nvim/runtime/syntax/syntax.vim
146.225  000.500: inits 3
149.277  003.051: reading ShaDa
149.506  000.229: opening buffers
149.796  000.277  000.277: require('bufferline.state')
149.967  000.184: BufEnter autocommands
149.968  000.001: editing files in windows
150.546  000.148  000.148: sourcing /Users/mac/.local/share/nvim/lazy/which-key.nvim/plugin/which-key.lua
151.295  000.675  000.675: require('which-key')
151.610  000.314  000.314: require('which-key.config')
152.176  000.128  000.128: sourcing /Users/mac/.local/share/nvim/lazy/todo-comments.nvim/plugin/todo.vim
153.178  000.209  000.209: require('todo-comments.util')
153.189  000.340  000.131: require('todo-comments.config')
153.461  000.203  000.203: require('todo-comments.highlight')
153.464  000.274  000.071: require('todo-comments.jump')
153.465  001.150  000.537: require('todo-comments')
153.755  000.119  000.119: require('vim.treesitter.highlighter')
161.366  000.541  000.541: require('vim.filetype.detect')
164.395  011.352: VimEnter autocommands
164.425  000.030: UIEnter autocommands
164.426  000.001: before starting main loop
165.098  000.173  000.173: require('bufferline.pick')
165.460  000.360  000.360: require('bufferline.duplicates')
165.571  000.109  000.109: require('bufferline.diagnostics')
165.670  000.098  000.098: require('bufferline.models')
165.672  001.036  000.296: require('bufferline.buffers')
165.897  000.200  000.200: require('bufferline.sorters')
165.991  000.079  000.079: require('bufferline.tabpages')
166.095  000.082  000.082: require('bufferline.offset')
166.171  000.072  000.072: require('bufferline.custom_area')
166.384  000.489: first screen update
166.387  000.003: --- NVIM STARTED ---

